0 info it worked if it ends with ok
1 verbose cli [ 'C:\\Program Files\\nodejs\\node.exe',
1 verbose cli   'C:\\Users\\conno\\AppData\\Roaming\\npm\\node_modules\\npm\\bin\\npm-cli.js',
1 verbose cli   'install',
1 verbose cli   'bcrypt',
1 verbose cli   '--save' ]
2 info using npm@3.9.0
3 info using node@v6.2.0
4 silly loadCurrentTree Starting
5 silly install loadCurrentTree
6 silly install readLocalPackageData
7 silly fetchPackageMetaData bcrypt
8 silly fetchNamedPackageData bcrypt
9 silly mapToRegistry name bcrypt
10 silly mapToRegistry using default registry
11 silly mapToRegistry registry https://registry.npmjs.org/
12 silly mapToRegistry data Result {
12 silly mapToRegistry   raw: 'bcrypt',
12 silly mapToRegistry   scope: null,
12 silly mapToRegistry   name: 'bcrypt',
12 silly mapToRegistry   rawSpec: '',
12 silly mapToRegistry   spec: 'latest',
12 silly mapToRegistry   type: 'tag' }
13 silly mapToRegistry uri https://registry.npmjs.org/bcrypt
14 verbose request uri https://registry.npmjs.org/bcrypt
15 verbose request no auth needed
16 info attempt registry request try #1 at 1:41:37 PM
17 verbose request id fd4a5482bba8346c
18 verbose etag "E4HHZMYE089UCD49WLNXKXPOH"
19 http request GET https://registry.npmjs.org/bcrypt
20 http 200 https://registry.npmjs.org/bcrypt
21 verbose headers { server: 'CouchDB/1.5.0 (Erlang OTP/R16B03)',
21 verbose headers   etag: '"A04SXZMPP6TAS3UL36OMDCLNL"',
21 verbose headers   'content-type': 'application/json',
21 verbose headers   'content-encoding': 'gzip',
21 verbose headers   'cache-control': 'max-age=300',
21 verbose headers   'content-length': '11490',
21 verbose headers   'accept-ranges': 'bytes',
21 verbose headers   date: 'Sun, 05 Jun 2016 12:41:37 GMT',
21 verbose headers   via: '1.1 varnish',
21 verbose headers   age: '93',
21 verbose headers   connection: 'keep-alive',
21 verbose headers   'x-served-by': 'cache-fra1224-FRA',
21 verbose headers   'x-cache': 'HIT',
21 verbose headers   'x-cache-hits': '1',
21 verbose headers   'x-timer': 'S1465130497.695453,VS0,VE0',
21 verbose headers   vary: 'Accept-Encoding' }
22 silly get cb [ 200,
22 silly get   { server: 'CouchDB/1.5.0 (Erlang OTP/R16B03)',
22 silly get     etag: '"A04SXZMPP6TAS3UL36OMDCLNL"',
22 silly get     'content-type': 'application/json',
22 silly get     'content-encoding': 'gzip',
22 silly get     'cache-control': 'max-age=300',
22 silly get     'content-length': '11490',
22 silly get     'accept-ranges': 'bytes',
22 silly get     date: 'Sun, 05 Jun 2016 12:41:37 GMT',
22 silly get     via: '1.1 varnish',
22 silly get     age: '93',
22 silly get     connection: 'keep-alive',
22 silly get     'x-served-by': 'cache-fra1224-FRA',
22 silly get     'x-cache': 'HIT',
22 silly get     'x-cache-hits': '1',
22 silly get     'x-timer': 'S1465130497.695453,VS0,VE0',
22 silly get     vary: 'Accept-Encoding' } ]
23 verbose get saving bcrypt to C:\Users\conno\AppData\Roaming\npm-cache\registry.npmjs.org\bcrypt\.cache.json
24 verbose correctMkdir C:\Users\conno\AppData\Roaming\npm-cache correctMkdir not in flight; initializing
25 silly install normalizeTree
26 silly loadCurrentTree Finishing
27 silly loadIdealTree Starting
28 silly install loadIdealTree
29 silly cloneCurrentTree Starting
30 silly install cloneCurrentTreeToIdealTree
31 silly cloneCurrentTree Finishing
32 silly loadShrinkwrap Starting
33 silly install loadShrinkwrap
34 silly loadShrinkwrap Finishing
35 silly loadAllDepsIntoIdealTree Starting
36 silly install loadAllDepsIntoIdealTree
37 silly resolveWithNewModule bcrypt@0.8.6 checking installable status
38 silly cache add args [ 'bcrypt', null ]
39 verbose cache add spec bcrypt
40 silly cache add parsed spec Result {
40 silly cache add   raw: 'bcrypt',
40 silly cache add   scope: null,
40 silly cache add   name: 'bcrypt',
40 silly cache add   rawSpec: '',
40 silly cache add   spec: 'latest',
40 silly cache add   type: 'tag' }
41 silly addNamed bcrypt@latest
42 verbose addNamed "latest" is being treated as a dist-tag for bcrypt
43 info addNameTag [ 'bcrypt', 'latest' ]
44 silly mapToRegistry name bcrypt
45 silly mapToRegistry using default registry
46 silly mapToRegistry registry https://registry.npmjs.org/
47 silly mapToRegistry data Result {
47 silly mapToRegistry   raw: 'bcrypt',
47 silly mapToRegistry   scope: null,
47 silly mapToRegistry   name: 'bcrypt',
47 silly mapToRegistry   rawSpec: '',
47 silly mapToRegistry   spec: 'latest',
47 silly mapToRegistry   type: 'tag' }
48 silly mapToRegistry uri https://registry.npmjs.org/bcrypt
49 verbose addNameTag registry:https://registry.npmjs.org/bcrypt not in flight; fetching
50 verbose get https://registry.npmjs.org/bcrypt not expired, no request
51 silly addNameTag next cb for bcrypt with tag latest
52 silly addNamed bcrypt@0.8.6
53 verbose addNamed "0.8.6" is a plain semver version for bcrypt
54 silly cache afterAdd bcrypt@0.8.6
55 verbose afterAdd C:\Users\conno\AppData\Roaming\npm-cache\bcrypt\0.8.6\package\package.json not in flight; writing
56 verbose correctMkdir C:\Users\conno\AppData\Roaming\npm-cache correctMkdir not in flight; initializing
57 verbose afterAdd C:\Users\conno\AppData\Roaming\npm-cache\bcrypt\0.8.6\package\package.json written
58 silly fetchNamedPackageData bindings
59 silly mapToRegistry name bindings
60 silly mapToRegistry using default registry
61 silly mapToRegistry registry https://registry.npmjs.org/
62 silly mapToRegistry data Result {
62 silly mapToRegistry   raw: 'bindings',
62 silly mapToRegistry   scope: null,
62 silly mapToRegistry   name: 'bindings',
62 silly mapToRegistry   rawSpec: '',
62 silly mapToRegistry   spec: 'latest',
62 silly mapToRegistry   type: 'tag' }
63 silly mapToRegistry uri https://registry.npmjs.org/bindings
64 silly fetchNamedPackageData nan
65 silly mapToRegistry name nan
66 silly mapToRegistry using default registry
67 silly mapToRegistry registry https://registry.npmjs.org/
68 silly mapToRegistry data Result {
68 silly mapToRegistry   raw: 'nan',
68 silly mapToRegistry   scope: null,
68 silly mapToRegistry   name: 'nan',
68 silly mapToRegistry   rawSpec: '',
68 silly mapToRegistry   spec: 'latest',
68 silly mapToRegistry   type: 'tag' }
69 silly mapToRegistry uri https://registry.npmjs.org/nan
70 verbose request uri https://registry.npmjs.org/bindings
71 verbose request no auth needed
72 info attempt registry request try #1 at 1:41:37 PM
73 verbose etag "5MNVCWCD1NYN71LZKTD8QDCME"
74 http request GET https://registry.npmjs.org/bindings
75 verbose request uri https://registry.npmjs.org/nan
76 verbose request no auth needed
77 info attempt registry request try #1 at 1:41:37 PM
78 verbose etag "182L0WGUN078I416KHC500PDV"
79 http request GET https://registry.npmjs.org/nan
80 http 200 https://registry.npmjs.org/bindings
81 verbose headers { server: 'CouchDB/1.5.0 (Erlang OTP/R16B03)',
81 verbose headers   etag: '"33TX4J3DNTGF7K41ZUV6OA182"',
81 verbose headers   'content-type': 'application/json',
81 verbose headers   'content-encoding': 'gzip',
81 verbose headers   'cache-control': 'max-age=300',
81 verbose headers   'content-length': '3804',
81 verbose headers   'accept-ranges': 'bytes',
81 verbose headers   date: 'Sun, 05 Jun 2016 12:41:37 GMT',
81 verbose headers   via: '1.1 varnish',
81 verbose headers   age: '131',
81 verbose headers   connection: 'keep-alive',
81 verbose headers   'x-served-by': 'cache-fra1224-FRA',
81 verbose headers   'x-cache': 'HIT',
81 verbose headers   'x-cache-hits': '1',
81 verbose headers   'x-timer': 'S1465130497.904963,VS0,VE0',
81 verbose headers   vary: 'Accept-Encoding' }
82 silly get cb [ 200,
82 silly get   { server: 'CouchDB/1.5.0 (Erlang OTP/R16B03)',
82 silly get     etag: '"33TX4J3DNTGF7K41ZUV6OA182"',
82 silly get     'content-type': 'application/json',
82 silly get     'content-encoding': 'gzip',
82 silly get     'cache-control': 'max-age=300',
82 silly get     'content-length': '3804',
82 silly get     'accept-ranges': 'bytes',
82 silly get     date: 'Sun, 05 Jun 2016 12:41:37 GMT',
82 silly get     via: '1.1 varnish',
82 silly get     age: '131',
82 silly get     connection: 'keep-alive',
82 silly get     'x-served-by': 'cache-fra1224-FRA',
82 silly get     'x-cache': 'HIT',
82 silly get     'x-cache-hits': '1',
82 silly get     'x-timer': 'S1465130497.904963,VS0,VE0',
82 silly get     vary: 'Accept-Encoding' } ]
83 verbose get saving bindings to C:\Users\conno\AppData\Roaming\npm-cache\registry.npmjs.org\bindings\.cache.json
84 verbose correctMkdir C:\Users\conno\AppData\Roaming\npm-cache correctMkdir not in flight; initializing
85 silly resolveWithNewModule bindings@1.2.1 checking installable status
86 silly cache add args [ 'bindings@1.2.1', null ]
87 verbose cache add spec bindings@1.2.1
88 silly cache add parsed spec Result {
88 silly cache add   raw: 'bindings@1.2.1',
88 silly cache add   scope: null,
88 silly cache add   name: 'bindings',
88 silly cache add   rawSpec: '1.2.1',
88 silly cache add   spec: '1.2.1',
88 silly cache add   type: 'version' }
89 silly addNamed bindings@1.2.1
90 verbose addNamed "1.2.1" is a plain semver version for bindings
91 silly mapToRegistry name bindings
92 silly mapToRegistry using default registry
93 silly mapToRegistry registry https://registry.npmjs.org/
94 silly mapToRegistry data Result {
94 silly mapToRegistry   raw: 'bindings',
94 silly mapToRegistry   scope: null,
94 silly mapToRegistry   name: 'bindings',
94 silly mapToRegistry   rawSpec: '',
94 silly mapToRegistry   spec: 'latest',
94 silly mapToRegistry   type: 'tag' }
95 silly mapToRegistry uri https://registry.npmjs.org/bindings
96 verbose addNameVersion registry:https://registry.npmjs.org/bindings not in flight; fetching
97 verbose get https://registry.npmjs.org/bindings not expired, no request
98 silly cache afterAdd bindings@1.2.1
99 verbose afterAdd C:\Users\conno\AppData\Roaming\npm-cache\bindings\1.2.1\package\package.json not in flight; writing
100 verbose correctMkdir C:\Users\conno\AppData\Roaming\npm-cache correctMkdir not in flight; initializing
101 verbose afterAdd C:\Users\conno\AppData\Roaming\npm-cache\bindings\1.2.1\package\package.json written
102 http 200 https://registry.npmjs.org/nan
103 verbose headers { server: 'CouchDB/1.5.0 (Erlang OTP/R16B03)',
103 verbose headers   etag: '"12RFHNMU7CS3WJ1892HQLM0NB"',
103 verbose headers   'content-type': 'application/json',
103 verbose headers   'content-encoding': 'gzip',
103 verbose headers   'cache-control': 'max-age=300',
103 verbose headers   'content-length': '16964',
103 verbose headers   'accept-ranges': 'bytes',
103 verbose headers   date: 'Sun, 05 Jun 2016 12:41:37 GMT',
103 verbose headers   via: '1.1 varnish',
103 verbose headers   age: '159',
103 verbose headers   connection: 'keep-alive',
103 verbose headers   'x-served-by': 'cache-fra1224-FRA',
103 verbose headers   'x-cache': 'HIT',
103 verbose headers   'x-cache-hits': '3',
103 verbose headers   'x-timer': 'S1465130497.993501,VS0,VE0',
103 verbose headers   vary: 'Accept-Encoding' }
104 silly get cb [ 200,
104 silly get   { server: 'CouchDB/1.5.0 (Erlang OTP/R16B03)',
104 silly get     etag: '"12RFHNMU7CS3WJ1892HQLM0NB"',
104 silly get     'content-type': 'application/json',
104 silly get     'content-encoding': 'gzip',
104 silly get     'cache-control': 'max-age=300',
104 silly get     'content-length': '16964',
104 silly get     'accept-ranges': 'bytes',
104 silly get     date: 'Sun, 05 Jun 2016 12:41:37 GMT',
104 silly get     via: '1.1 varnish',
104 silly get     age: '159',
104 silly get     connection: 'keep-alive',
104 silly get     'x-served-by': 'cache-fra1224-FRA',
104 silly get     'x-cache': 'HIT',
104 silly get     'x-cache-hits': '3',
104 silly get     'x-timer': 'S1465130497.993501,VS0,VE0',
104 silly get     vary: 'Accept-Encoding' } ]
105 verbose get saving nan to C:\Users\conno\AppData\Roaming\npm-cache\registry.npmjs.org\nan\.cache.json
106 verbose correctMkdir C:\Users\conno\AppData\Roaming\npm-cache correctMkdir not in flight; initializing
107 silly resolveWithNewModule nan@2.2.1 checking installable status
108 silly cache add args [ 'nan@2.2.1', null ]
109 verbose cache add spec nan@2.2.1
110 silly cache add parsed spec Result {
110 silly cache add   raw: 'nan@2.2.1',
110 silly cache add   scope: null,
110 silly cache add   name: 'nan',
110 silly cache add   rawSpec: '2.2.1',
110 silly cache add   spec: '2.2.1',
110 silly cache add   type: 'version' }
111 silly addNamed nan@2.2.1
112 verbose addNamed "2.2.1" is a plain semver version for nan
113 silly mapToRegistry name nan
114 silly mapToRegistry using default registry
115 silly mapToRegistry registry https://registry.npmjs.org/
116 silly mapToRegistry data Result {
116 silly mapToRegistry   raw: 'nan',
116 silly mapToRegistry   scope: null,
116 silly mapToRegistry   name: 'nan',
116 silly mapToRegistry   rawSpec: '',
116 silly mapToRegistry   spec: 'latest',
116 silly mapToRegistry   type: 'tag' }
117 silly mapToRegistry uri https://registry.npmjs.org/nan
118 verbose addNameVersion registry:https://registry.npmjs.org/nan not in flight; fetching
119 verbose get https://registry.npmjs.org/nan not expired, no request
120 silly cache afterAdd nan@2.2.1
121 verbose afterAdd C:\Users\conno\AppData\Roaming\npm-cache\nan\2.2.1\package\package.json not in flight; writing
122 verbose correctMkdir C:\Users\conno\AppData\Roaming\npm-cache correctMkdir not in flight; initializing
123 verbose afterAdd C:\Users\conno\AppData\Roaming\npm-cache\nan\2.2.1\package\package.json written
124 silly loadAllDepsIntoIdealTree Finishing
125 silly idealTree:prePrune minder-api-v3@2.1.0
125 silly idealTree:prePrune +-- accepts@1.2.13
125 silly idealTree:prePrune +-- acorn-globals@1.0.9
125 silly idealTree:prePrune +-- acorn@2.7.0
125 silly idealTree:prePrune +-- align-text@0.1.4
125 silly idealTree:prePrune +-- amdefine@1.0.0
125 silly idealTree:prePrune +-- array-flatten@1.1.1
125 silly idealTree:prePrune +-- asap@1.0.0
125 silly idealTree:prePrune +-- async@0.2.10
125 silly idealTree:prePrune +-- base64-url@1.2.2
125 silly idealTree:prePrune +-- bcrypt@0.8.6
125 silly idealTree:prePrune +-- bignumber.js@2.1.4
125 silly idealTree:prePrune +-- bindings@1.2.1
125 silly idealTree:prePrune +-- body-parser@1.15.1
125 silly idealTree:prePrune +-- bytes@2.3.0
125 silly idealTree:prePrune +-- camelcase@1.2.1
125 silly idealTree:prePrune +-- center-align@0.1.3
125 silly idealTree:prePrune +-- character-parser@1.2.1
125 silly idealTree:prePrune +-- clean-css@3.4.16
125 silly idealTree:prePrune | `-- commander@2.8.1
125 silly idealTree:prePrune +-- cliui@2.1.0
125 silly idealTree:prePrune | `-- wordwrap@0.0.2
125 silly idealTree:prePrune +-- commander@2.6.0
125 silly idealTree:prePrune +-- constantinople@3.0.2
125 silly idealTree:prePrune +-- content-disposition@0.5.1
125 silly idealTree:prePrune +-- content-type@1.0.2
125 silly idealTree:prePrune +-- cookie-parser@1.4.3
125 silly idealTree:prePrune +-- cookie-signature@1.0.6
125 silly idealTree:prePrune +-- cookie@0.3.1
125 silly idealTree:prePrune +-- core-util-is@1.0.2
125 silly idealTree:prePrune +-- crc@3.4.0
125 silly idealTree:prePrune +-- csrf@3.0.3
125 silly idealTree:prePrune +-- css-parse@1.0.4
125 silly idealTree:prePrune +-- css-stringify@1.0.5
125 silly idealTree:prePrune +-- css@1.0.8
125 silly idealTree:prePrune +-- csurf@1.9.0
125 silly idealTree:prePrune | `-- http-errors@1.5.0
125 silly idealTree:prePrune +-- debug@2.2.0
125 silly idealTree:prePrune +-- decamelize@1.2.0
125 silly idealTree:prePrune +-- depd@1.1.0
125 silly idealTree:prePrune +-- destroy@1.0.4
125 silly idealTree:prePrune +-- ee-first@1.1.1
125 silly idealTree:prePrune +-- ejs@2.4.2
125 silly idealTree:prePrune +-- escape-html@1.0.3
125 silly idealTree:prePrune +-- etag@1.7.0
125 silly idealTree:prePrune +-- express-session@1.13.0
125 silly idealTree:prePrune | +-- base64-url@1.2.1
125 silly idealTree:prePrune | +-- cookie@0.2.3
125 silly idealTree:prePrune | `-- uid-safe@2.0.0
125 silly idealTree:prePrune +-- express@4.13.4
125 silly idealTree:prePrune | +-- cookie@0.1.5
125 silly idealTree:prePrune | `-- qs@4.0.0
125 silly idealTree:prePrune +-- finalhandler@0.4.1
125 silly idealTree:prePrune +-- forwarded@0.1.0
125 silly idealTree:prePrune +-- fresh@0.3.0
125 silly idealTree:prePrune +-- graceful-readlink@1.0.1
125 silly idealTree:prePrune +-- http-errors@1.4.0
125 silly idealTree:prePrune +-- iconv-lite@0.4.13
125 silly idealTree:prePrune +-- inherits@2.0.1
125 silly idealTree:prePrune +-- ipaddr.js@1.0.5
125 silly idealTree:prePrune +-- is-buffer@1.1.3
125 silly idealTree:prePrune +-- is-promise@2.1.0
125 silly idealTree:prePrune +-- isarray@0.0.1
125 silly idealTree:prePrune +-- jade@1.11.0
125 silly idealTree:prePrune +-- jstransformer@0.0.2
125 silly idealTree:prePrune +-- kind-of@3.0.3
125 silly idealTree:prePrune +-- lazy-cache@1.0.4
125 silly idealTree:prePrune +-- longest@1.0.1
125 silly idealTree:prePrune +-- media-typer@0.3.0
125 silly idealTree:prePrune +-- merge-descriptors@1.0.1
125 silly idealTree:prePrune +-- methods@1.1.2
125 silly idealTree:prePrune +-- mime-db@1.23.0
125 silly idealTree:prePrune +-- mime-types@2.1.11
125 silly idealTree:prePrune +-- mime@1.3.4
125 silly idealTree:prePrune +-- minimist@0.0.8
125 silly idealTree:prePrune +-- mkdirp@0.5.1
125 silly idealTree:prePrune +-- moment@2.11.2
125 silly idealTree:prePrune +-- ms@0.7.1
125 silly idealTree:prePrune +-- mysql@2.10.2
125 silly idealTree:prePrune +-- nan@2.2.1
125 silly idealTree:prePrune +-- negotiator@0.5.3
125 silly idealTree:prePrune +-- on-finished@2.3.0
125 silly idealTree:prePrune +-- on-headers@1.0.1
125 silly idealTree:prePrune +-- optimist@0.3.7
125 silly idealTree:prePrune +-- parseurl@1.3.1
125 silly idealTree:prePrune +-- passport-http@0.3.0
125 silly idealTree:prePrune +-- passport-local@1.0.0
125 silly idealTree:prePrune +-- passport-strategy@1.0.0
125 silly idealTree:prePrune +-- passport@0.3.2
125 silly idealTree:prePrune +-- path-to-regexp@0.1.7
125 silly idealTree:prePrune +-- pause@0.0.1
125 silly idealTree:prePrune +-- promise@6.1.0
125 silly idealTree:prePrune +-- proxy-addr@1.0.10
125 silly idealTree:prePrune +-- qs@6.1.0
125 silly idealTree:prePrune +-- random-bytes@1.0.0
125 silly idealTree:prePrune +-- range-parser@1.0.3
125 silly idealTree:prePrune +-- raw-body@2.1.6
125 silly idealTree:prePrune +-- readable-stream@1.1.14
125 silly idealTree:prePrune +-- repeat-string@1.5.4
125 silly idealTree:prePrune +-- right-align@0.1.3
125 silly idealTree:prePrune +-- rndm@1.2.0
125 silly idealTree:prePrune +-- send@0.13.1
125 silly idealTree:prePrune | +-- http-errors@1.3.1
125 silly idealTree:prePrune | `-- statuses@1.2.1
125 silly idealTree:prePrune +-- serve-static@1.10.3
125 silly idealTree:prePrune | +-- http-errors@1.3.1
125 silly idealTree:prePrune | +-- send@0.13.2
125 silly idealTree:prePrune | `-- statuses@1.2.1
125 silly idealTree:prePrune +-- setprototypeof@1.0.1
125 silly idealTree:prePrune +-- source-map@0.4.4
125 silly idealTree:prePrune +-- statuses@1.3.0
125 silly idealTree:prePrune +-- string_decoder@0.10.31
125 silly idealTree:prePrune +-- transformers@2.1.0
125 silly idealTree:prePrune | +-- is-promise@1.0.1
125 silly idealTree:prePrune | +-- promise@2.0.0
125 silly idealTree:prePrune | +-- source-map@0.1.43
125 silly idealTree:prePrune | `-- uglify-js@2.2.5
125 silly idealTree:prePrune +-- tsscmp@1.0.5
125 silly idealTree:prePrune +-- type-is@1.6.13
125 silly idealTree:prePrune +-- uglify-js@2.6.2
125 silly idealTree:prePrune | `-- source-map@0.5.6
125 silly idealTree:prePrune +-- uglify-to-browserify@1.0.2
125 silly idealTree:prePrune +-- uid-safe@2.1.1
125 silly idealTree:prePrune +-- unpipe@1.0.0
125 silly idealTree:prePrune +-- utils-merge@1.0.0
125 silly idealTree:prePrune +-- validator@5.0.0
125 silly idealTree:prePrune +-- vary@1.0.1
125 silly idealTree:prePrune +-- void-elements@2.0.1
125 silly idealTree:prePrune +-- window-size@0.1.0
125 silly idealTree:prePrune +-- with@4.0.3
125 silly idealTree:prePrune | `-- acorn@1.2.2
125 silly idealTree:prePrune +-- wordwrap@0.0.3
125 silly idealTree:prePrune +-- xss-filters@1.2.6
125 silly idealTree:prePrune `-- yargs@3.10.0
126 silly loadIdealTree Finishing
127 silly currentTree minder-api-v3@2.1.0
127 silly currentTree +-- accepts@1.2.13
127 silly currentTree +-- acorn-globals@1.0.9
127 silly currentTree +-- acorn@2.7.0
127 silly currentTree +-- align-text@0.1.4
127 silly currentTree +-- amdefine@1.0.0
127 silly currentTree +-- array-flatten@1.1.1
127 silly currentTree +-- asap@1.0.0
127 silly currentTree +-- async@0.2.10
127 silly currentTree +-- base64-url@1.2.2
127 silly currentTree +-- bignumber.js@2.1.4
127 silly currentTree +-- body-parser@1.15.1
127 silly currentTree +-- bytes@2.3.0
127 silly currentTree +-- camelcase@1.2.1
127 silly currentTree +-- center-align@0.1.3
127 silly currentTree +-- character-parser@1.2.1
127 silly currentTree +-- clean-css@3.4.16
127 silly currentTree | `-- commander@2.8.1
127 silly currentTree +-- cliui@2.1.0
127 silly currentTree | `-- wordwrap@0.0.2
127 silly currentTree +-- commander@2.6.0
127 silly currentTree +-- constantinople@3.0.2
127 silly currentTree +-- content-disposition@0.5.1
127 silly currentTree +-- content-type@1.0.2
127 silly currentTree +-- cookie-parser@1.4.3
127 silly currentTree +-- cookie-signature@1.0.6
127 silly currentTree +-- cookie@0.3.1
127 silly currentTree +-- core-util-is@1.0.2
127 silly currentTree +-- crc@3.4.0
127 silly currentTree +-- csrf@3.0.3
127 silly currentTree +-- css-parse@1.0.4
127 silly currentTree +-- css-stringify@1.0.5
127 silly currentTree +-- css@1.0.8
127 silly currentTree +-- csurf@1.9.0
127 silly currentTree | `-- http-errors@1.5.0
127 silly currentTree +-- debug@2.2.0
127 silly currentTree +-- decamelize@1.2.0
127 silly currentTree +-- depd@1.1.0
127 silly currentTree +-- destroy@1.0.4
127 silly currentTree +-- ee-first@1.1.1
127 silly currentTree +-- ejs@2.4.2
127 silly currentTree +-- escape-html@1.0.3
127 silly currentTree +-- etag@1.7.0
127 silly currentTree +-- express-session@1.13.0
127 silly currentTree | +-- base64-url@1.2.1
127 silly currentTree | +-- cookie@0.2.3
127 silly currentTree | `-- uid-safe@2.0.0
127 silly currentTree +-- express@4.13.4
127 silly currentTree | +-- cookie@0.1.5
127 silly currentTree | `-- qs@4.0.0
127 silly currentTree +-- finalhandler@0.4.1
127 silly currentTree +-- forwarded@0.1.0
127 silly currentTree +-- fresh@0.3.0
127 silly currentTree +-- graceful-readlink@1.0.1
127 silly currentTree +-- http-errors@1.4.0
127 silly currentTree +-- iconv-lite@0.4.13
127 silly currentTree +-- inherits@2.0.1
127 silly currentTree +-- ipaddr.js@1.0.5
127 silly currentTree +-- is-buffer@1.1.3
127 silly currentTree +-- is-promise@2.1.0
127 silly currentTree +-- isarray@0.0.1
127 silly currentTree +-- jade@1.11.0
127 silly currentTree +-- jstransformer@0.0.2
127 silly currentTree +-- kind-of@3.0.3
127 silly currentTree +-- lazy-cache@1.0.4
127 silly currentTree +-- longest@1.0.1
127 silly currentTree +-- media-typer@0.3.0
127 silly currentTree +-- merge-descriptors@1.0.1
127 silly currentTree +-- methods@1.1.2
127 silly currentTree +-- mime-db@1.23.0
127 silly currentTree +-- mime-types@2.1.11
127 silly currentTree +-- mime@1.3.4
127 silly currentTree +-- minimist@0.0.8
127 silly currentTree +-- mkdirp@0.5.1
127 silly currentTree +-- moment@2.11.2
127 silly currentTree +-- ms@0.7.1
127 silly currentTree +-- mysql@2.10.2
127 silly currentTree +-- negotiator@0.5.3
127 silly currentTree +-- on-finished@2.3.0
127 silly currentTree +-- on-headers@1.0.1
127 silly currentTree +-- optimist@0.3.7
127 silly currentTree +-- parseurl@1.3.1
127 silly currentTree +-- passport-http@0.3.0
127 silly currentTree +-- passport-local@1.0.0
127 silly currentTree +-- passport-strategy@1.0.0
127 silly currentTree +-- passport@0.3.2
127 silly currentTree +-- path-to-regexp@0.1.7
127 silly currentTree +-- pause@0.0.1
127 silly currentTree +-- promise@6.1.0
127 silly currentTree +-- proxy-addr@1.0.10
127 silly currentTree +-- qs@6.1.0
127 silly currentTree +-- random-bytes@1.0.0
127 silly currentTree +-- range-parser@1.0.3
127 silly currentTree +-- raw-body@2.1.6
127 silly currentTree +-- readable-stream@1.1.14
127 silly currentTree +-- repeat-string@1.5.4
127 silly currentTree +-- right-align@0.1.3
127 silly currentTree +-- rndm@1.2.0
127 silly currentTree +-- send@0.13.1
127 silly currentTree | +-- http-errors@1.3.1
127 silly currentTree | `-- statuses@1.2.1
127 silly currentTree +-- serve-static@1.10.3
127 silly currentTree | +-- http-errors@1.3.1
127 silly currentTree | +-- send@0.13.2
127 silly currentTree | `-- statuses@1.2.1
127 silly currentTree +-- setprototypeof@1.0.1
127 silly currentTree +-- source-map@0.4.4
127 silly currentTree +-- statuses@1.3.0
127 silly currentTree +-- string_decoder@0.10.31
127 silly currentTree +-- transformers@2.1.0
127 silly currentTree | +-- is-promise@1.0.1
127 silly currentTree | +-- promise@2.0.0
127 silly currentTree | +-- source-map@0.1.43
127 silly currentTree | `-- uglify-js@2.2.5
127 silly currentTree +-- tsscmp@1.0.5
127 silly currentTree +-- type-is@1.6.13
127 silly currentTree +-- uglify-js@2.6.2
127 silly currentTree | `-- source-map@0.5.6
127 silly currentTree +-- uglify-to-browserify@1.0.2
127 silly currentTree +-- uid-safe@2.1.1
127 silly currentTree +-- unpipe@1.0.0
127 silly currentTree +-- utils-merge@1.0.0
127 silly currentTree +-- validator@5.0.0
127 silly currentTree +-- vary@1.0.1
127 silly currentTree +-- void-elements@2.0.1
127 silly currentTree +-- window-size@0.1.0
127 silly currentTree +-- with@4.0.3
127 silly currentTree | `-- acorn@1.2.2
127 silly currentTree +-- wordwrap@0.0.3
127 silly currentTree +-- xss-filters@1.2.6
127 silly currentTree `-- yargs@3.10.0
128 silly idealTree minder-api-v3@2.1.0
128 silly idealTree +-- accepts@1.2.13
128 silly idealTree +-- acorn-globals@1.0.9
128 silly idealTree +-- acorn@2.7.0
128 silly idealTree +-- align-text@0.1.4
128 silly idealTree +-- amdefine@1.0.0
128 silly idealTree +-- array-flatten@1.1.1
128 silly idealTree +-- asap@1.0.0
128 silly idealTree +-- async@0.2.10
128 silly idealTree +-- base64-url@1.2.2
128 silly idealTree +-- bcrypt@0.8.6
128 silly idealTree +-- bignumber.js@2.1.4
128 silly idealTree +-- bindings@1.2.1
128 silly idealTree +-- body-parser@1.15.1
128 silly idealTree +-- bytes@2.3.0
128 silly idealTree +-- camelcase@1.2.1
128 silly idealTree +-- center-align@0.1.3
128 silly idealTree +-- character-parser@1.2.1
128 silly idealTree +-- clean-css@3.4.16
128 silly idealTree | `-- commander@2.8.1
128 silly idealTree +-- cliui@2.1.0
128 silly idealTree | `-- wordwrap@0.0.2
128 silly idealTree +-- commander@2.6.0
128 silly idealTree +-- constantinople@3.0.2
128 silly idealTree +-- content-disposition@0.5.1
128 silly idealTree +-- content-type@1.0.2
128 silly idealTree +-- cookie-parser@1.4.3
128 silly idealTree +-- cookie-signature@1.0.6
128 silly idealTree +-- cookie@0.3.1
128 silly idealTree +-- core-util-is@1.0.2
128 silly idealTree +-- crc@3.4.0
128 silly idealTree +-- csrf@3.0.3
128 silly idealTree +-- css-parse@1.0.4
128 silly idealTree +-- css-stringify@1.0.5
128 silly idealTree +-- css@1.0.8
128 silly idealTree +-- csurf@1.9.0
128 silly idealTree | `-- http-errors@1.5.0
128 silly idealTree +-- debug@2.2.0
128 silly idealTree +-- decamelize@1.2.0
128 silly idealTree +-- depd@1.1.0
128 silly idealTree +-- destroy@1.0.4
128 silly idealTree +-- ee-first@1.1.1
128 silly idealTree +-- ejs@2.4.2
128 silly idealTree +-- escape-html@1.0.3
128 silly idealTree +-- etag@1.7.0
128 silly idealTree +-- express-session@1.13.0
128 silly idealTree | +-- base64-url@1.2.1
128 silly idealTree | +-- cookie@0.2.3
128 silly idealTree | `-- uid-safe@2.0.0
128 silly idealTree +-- express@4.13.4
128 silly idealTree | +-- cookie@0.1.5
128 silly idealTree | `-- qs@4.0.0
128 silly idealTree +-- finalhandler@0.4.1
128 silly idealTree +-- forwarded@0.1.0
128 silly idealTree +-- fresh@0.3.0
128 silly idealTree +-- graceful-readlink@1.0.1
128 silly idealTree +-- http-errors@1.4.0
128 silly idealTree +-- iconv-lite@0.4.13
128 silly idealTree +-- inherits@2.0.1
128 silly idealTree +-- ipaddr.js@1.0.5
128 silly idealTree +-- is-buffer@1.1.3
128 silly idealTree +-- is-promise@2.1.0
128 silly idealTree +-- isarray@0.0.1
128 silly idealTree +-- jade@1.11.0
128 silly idealTree +-- jstransformer@0.0.2
128 silly idealTree +-- kind-of@3.0.3
128 silly idealTree +-- lazy-cache@1.0.4
128 silly idealTree +-- longest@1.0.1
128 silly idealTree +-- media-typer@0.3.0
128 silly idealTree +-- merge-descriptors@1.0.1
128 silly idealTree +-- methods@1.1.2
128 silly idealTree +-- mime-db@1.23.0
128 silly idealTree +-- mime-types@2.1.11
128 silly idealTree +-- mime@1.3.4
128 silly idealTree +-- minimist@0.0.8
128 silly idealTree +-- mkdirp@0.5.1
128 silly idealTree +-- moment@2.11.2
128 silly idealTree +-- ms@0.7.1
128 silly idealTree +-- mysql@2.10.2
128 silly idealTree +-- nan@2.2.1
128 silly idealTree +-- negotiator@0.5.3
128 silly idealTree +-- on-finished@2.3.0
128 silly idealTree +-- on-headers@1.0.1
128 silly idealTree +-- optimist@0.3.7
128 silly idealTree +-- parseurl@1.3.1
128 silly idealTree +-- passport-http@0.3.0
128 silly idealTree +-- passport-local@1.0.0
128 silly idealTree +-- passport-strategy@1.0.0
128 silly idealTree +-- passport@0.3.2
128 silly idealTree +-- path-to-regexp@0.1.7
128 silly idealTree +-- pause@0.0.1
128 silly idealTree +-- promise@6.1.0
128 silly idealTree +-- proxy-addr@1.0.10
128 silly idealTree +-- qs@6.1.0
128 silly idealTree +-- random-bytes@1.0.0
128 silly idealTree +-- range-parser@1.0.3
128 silly idealTree +-- raw-body@2.1.6
128 silly idealTree +-- readable-stream@1.1.14
128 silly idealTree +-- repeat-string@1.5.4
128 silly idealTree +-- right-align@0.1.3
128 silly idealTree +-- rndm@1.2.0
128 silly idealTree +-- send@0.13.1
128 silly idealTree | +-- http-errors@1.3.1
128 silly idealTree | `-- statuses@1.2.1
128 silly idealTree +-- serve-static@1.10.3
128 silly idealTree | +-- http-errors@1.3.1
128 silly idealTree | +-- send@0.13.2
128 silly idealTree | `-- statuses@1.2.1
128 silly idealTree +-- setprototypeof@1.0.1
128 silly idealTree +-- source-map@0.4.4
128 silly idealTree +-- statuses@1.3.0
128 silly idealTree +-- string_decoder@0.10.31
128 silly idealTree +-- transformers@2.1.0
128 silly idealTree | +-- is-promise@1.0.1
128 silly idealTree | +-- promise@2.0.0
128 silly idealTree | +-- source-map@0.1.43
128 silly idealTree | `-- uglify-js@2.2.5
128 silly idealTree +-- tsscmp@1.0.5
128 silly idealTree +-- type-is@1.6.13
128 silly idealTree +-- uglify-js@2.6.2
128 silly idealTree | `-- source-map@0.5.6
128 silly idealTree +-- uglify-to-browserify@1.0.2
128 silly idealTree +-- uid-safe@2.1.1
128 silly idealTree +-- unpipe@1.0.0
128 silly idealTree +-- utils-merge@1.0.0
128 silly idealTree +-- validator@5.0.0
128 silly idealTree +-- vary@1.0.1
128 silly idealTree +-- void-elements@2.0.1
128 silly idealTree +-- window-size@0.1.0
128 silly idealTree +-- with@4.0.3
128 silly idealTree | `-- acorn@1.2.2
128 silly idealTree +-- wordwrap@0.0.3
128 silly idealTree +-- xss-filters@1.2.6
128 silly idealTree `-- yargs@3.10.0
129 silly generateActionsToTake Starting
130 silly install generateActionsToTake
131 silly generateActionsToTake Finishing
132 silly diffTrees action count 3
133 silly diffTrees add bindings@1.2.1
134 silly diffTrees add nan@2.2.1
135 silly diffTrees add bcrypt@0.8.6
136 silly decomposeActions action count 24
137 silly decomposeActions fetch bindings@1.2.1
138 silly decomposeActions extract bindings@1.2.1
139 silly decomposeActions test bindings@1.2.1
140 silly decomposeActions preinstall bindings@1.2.1
141 silly decomposeActions build bindings@1.2.1
142 silly decomposeActions install bindings@1.2.1
143 silly decomposeActions postinstall bindings@1.2.1
144 silly decomposeActions finalize bindings@1.2.1
145 silly decomposeActions fetch nan@2.2.1
146 silly decomposeActions extract nan@2.2.1
147 silly decomposeActions test nan@2.2.1
148 silly decomposeActions preinstall nan@2.2.1
149 silly decomposeActions build nan@2.2.1
150 silly decomposeActions install nan@2.2.1
151 silly decomposeActions postinstall nan@2.2.1
152 silly decomposeActions finalize nan@2.2.1
153 silly decomposeActions fetch bcrypt@0.8.6
154 silly decomposeActions extract bcrypt@0.8.6
155 silly decomposeActions test bcrypt@0.8.6
156 silly decomposeActions preinstall bcrypt@0.8.6
157 silly decomposeActions build bcrypt@0.8.6
158 silly decomposeActions install bcrypt@0.8.6
159 silly decomposeActions postinstall bcrypt@0.8.6
160 silly decomposeActions finalize bcrypt@0.8.6
161 silly executeActions Starting
162 silly install executeActions
163 silly doSerial global-install 0
164 silly doParallel fetch 3
165 verbose correctMkdir C:\Users\conno\AppData\Roaming\npm-cache\_locks correctMkdir not in flight; initializing
166 verbose lock using C:\Users\conno\AppData\Roaming\npm-cache\_locks\staging-8f094454b559ad00.lock for E:\ALL MINDER\minder-api-v3\node_modules\.staging
167 silly doParallel extract 3
168 silly extract bindings@1.2.1
169 silly extract nan@2.2.1
170 silly extract bcrypt@0.8.6
171 verbose unbuild node_modules\.staging\bindings-a4cc0932
172 verbose unbuild node_modules\.staging\nan-10411d76
173 verbose unbuild node_modules\.staging\bcrypt-3deba27d
174 silly gentlyRm E:\ALL MINDER\minder-api-v3\node_modules\.staging\bindings-a4cc0932 is being purged from base E:\ALL MINDER\minder-api-v3
175 verbose gentlyRm don't care about contents; nuking E:\ALL MINDER\minder-api-v3\node_modules\.staging\bindings-a4cc0932
176 silly gentlyRm E:\ALL MINDER\minder-api-v3\node_modules\.staging\nan-10411d76 is being purged from base E:\ALL MINDER\minder-api-v3
177 verbose gentlyRm don't care about contents; nuking E:\ALL MINDER\minder-api-v3\node_modules\.staging\nan-10411d76
178 silly gentlyRm E:\ALL MINDER\minder-api-v3\node_modules\.staging\bcrypt-3deba27d is being purged from base E:\ALL MINDER\minder-api-v3
179 verbose gentlyRm don't care about contents; nuking E:\ALL MINDER\minder-api-v3\node_modules\.staging\bcrypt-3deba27d
180 verbose tar unpack C:\Users\conno\AppData\Roaming\npm-cache\bindings\1.2.1\package.tgz
181 verbose tar unpacking to E:\ALL MINDER\minder-api-v3\node_modules\.staging\bindings-a4cc0932
182 silly gentlyRm E:\ALL MINDER\minder-api-v3\node_modules\.staging\bindings-a4cc0932 is being purged
183 verbose gentlyRm don't care about contents; nuking E:\ALL MINDER\minder-api-v3\node_modules\.staging\bindings-a4cc0932
184 verbose tar unpack C:\Users\conno\AppData\Roaming\npm-cache\nan\2.2.1\package.tgz
185 verbose tar unpacking to E:\ALL MINDER\minder-api-v3\node_modules\.staging\nan-10411d76
186 silly gentlyRm E:\ALL MINDER\minder-api-v3\node_modules\.staging\nan-10411d76 is being purged
187 verbose gentlyRm don't care about contents; nuking E:\ALL MINDER\minder-api-v3\node_modules\.staging\nan-10411d76
188 verbose tar unpack C:\Users\conno\AppData\Roaming\npm-cache\bcrypt\0.8.6\package.tgz
189 verbose tar unpacking to E:\ALL MINDER\minder-api-v3\node_modules\.staging\bcrypt-3deba27d
190 silly gentlyRm E:\ALL MINDER\minder-api-v3\node_modules\.staging\bcrypt-3deba27d is being purged
191 verbose gentlyRm don't care about contents; nuking E:\ALL MINDER\minder-api-v3\node_modules\.staging\bcrypt-3deba27d
192 silly gunzTarPerm modes [ '777', '666' ]
193 silly gunzTarPerm modes [ '777', '666' ]
194 silly gunzTarPerm modes [ '777', '666' ]
195 silly gunzTarPerm extractEntry package.json
196 silly gunzTarPerm modified mode [ 'package.json', 420, 438 ]
197 silly gunzTarPerm extractEntry package.json
198 silly gunzTarPerm modified mode [ 'package.json', 420, 438 ]
199 silly gunzTarPerm extractEntry package.json
200 silly gunzTarPerm modified mode [ 'package.json', 436, 438 ]
201 silly gunzTarPerm extractEntry .npmignore
202 silly gunzTarPerm modified mode [ '.npmignore', 420, 438 ]
203 silly gunzTarPerm extractEntry README.md
204 silly gunzTarPerm modified mode [ 'README.md', 420, 438 ]
205 silly gunzTarPerm extractEntry README.md
206 silly gunzTarPerm modified mode [ 'README.md', 420, 438 ]
207 silly gunzTarPerm extractEntry bindings.js
208 silly gunzTarPerm modified mode [ 'bindings.js', 420, 438 ]
209 silly gunzTarPerm extractEntry include_dirs.js
210 silly gunzTarPerm modified mode [ 'include_dirs.js', 436, 438 ]
211 silly gunzTarPerm extractEntry nan_converters.h
212 silly gunzTarPerm modified mode [ 'nan_converters.h', 436, 438 ]
213 silly gunzTarPerm extractEntry LICENSE.md
214 silly gunzTarPerm modified mode [ 'LICENSE.md', 436, 438 ]
215 silly gunzTarPerm extractEntry .dntrc
216 silly gunzTarPerm modified mode [ '.dntrc', 436, 438 ]
217 silly gunzTarPerm extractEntry LICENSE
218 silly gunzTarPerm modified mode [ 'LICENSE', 420, 438 ]
219 silly gunzTarPerm extractEntry bcrypt.js
220 silly gunzTarPerm modified mode [ 'bcrypt.js', 420, 438 ]
221 silly gunzTarPerm extractEntry Makefile
222 silly gunzTarPerm modified mode [ 'Makefile', 420, 438 ]
223 silly gunzTarPerm extractEntry .travis.yml
224 silly gunzTarPerm modified mode [ '.travis.yml', 420, 438 ]
225 silly gunzTarPerm extractEntry CHANGELOG.md
226 silly gunzTarPerm modified mode [ 'CHANGELOG.md', 420, 438 ]
227 silly gunzTarPerm extractEntry binding.gyp
228 silly gunzTarPerm modified mode [ 'binding.gyp', 420, 438 ]
229 silly gunzTarPerm extractEntry examples/async_compare.js
230 silly gunzTarPerm modified mode [ 'examples/async_compare.js', 420, 438 ]
231 silly gunzTarPerm extractEntry examples/forever_gen_salt.js
232 silly gunzTarPerm modified mode [ 'examples/forever_gen_salt.js', 420, 438 ]
233 silly gunzTarPerm extractEntry test/async.js
234 silly gunzTarPerm modified mode [ 'test/async.js', 420, 438 ]
235 silly gunzTarPerm extractEntry test/repetitions.js
236 silly gunzTarPerm modified mode [ 'test/repetitions.js', 420, 438 ]
237 silly gunzTarPerm extractEntry test/sync.js
238 silly gunzTarPerm modified mode [ 'test/sync.js', 420, 438 ]
239 silly gunzTarPerm extractEntry src/bcrypt.cc
240 silly gunzTarPerm modified mode [ 'src/bcrypt.cc', 420, 438 ]
241 silly gunzTarPerm extractEntry src/bcrypt_node.cc
242 silly gunzTarPerm modified mode [ 'src/bcrypt_node.cc', 420, 438 ]
243 silly gunzTarPerm extractEntry src/blowfish.cc
244 silly gunzTarPerm modified mode [ 'src/blowfish.cc', 420, 438 ]
245 silly gunzTarPerm extractEntry src/node_blf.h
246 silly gunzTarPerm modified mode [ 'src/node_blf.h', 420, 438 ]
247 silly gunzTarPerm extractEntry werker.yml
248 silly gunzTarPerm modified mode [ 'werker.yml', 420, 438 ]
249 silly gunzTarPerm extractEntry appveyor.yml
250 silly gunzTarPerm modified mode [ 'appveyor.yml', 436, 438 ]
251 silly gunzTarPerm extractEntry doc/new.md
252 silly gunzTarPerm modified mode [ 'doc/new.md', 436, 438 ]
253 silly gunzTarPerm extractEntry doc/.build.sh
254 silly gunzTarPerm modified mode [ 'doc/.build.sh', 509, 511 ]
255 silly gunzTarPerm extractEntry doc/buffers.md
256 silly gunzTarPerm modified mode [ 'doc/buffers.md', 436, 438 ]
257 silly gunzTarPerm extractEntry doc/callback.md
258 silly gunzTarPerm modified mode [ 'doc/callback.md', 436, 438 ]
259 silly gunzTarPerm extractEntry doc/converters.md
260 silly gunzTarPerm modified mode [ 'doc/converters.md', 436, 438 ]
261 silly gunzTarPerm extractEntry doc/errors.md
262 silly gunzTarPerm modified mode [ 'doc/errors.md', 436, 438 ]
263 silly gentlyRm E:\ALL MINDER\minder-api-v3\node_modules\.staging\bindings-a4cc0932\node_modules is being purged
264 verbose gentlyRm don't care about contents; nuking E:\ALL MINDER\minder-api-v3\node_modules\.staging\bindings-a4cc0932\node_modules
265 silly gunzTarPerm extractEntry doc/maybe_types.md
266 silly gunzTarPerm modified mode [ 'doc/maybe_types.md', 436, 438 ]
267 silly gunzTarPerm extractEntry doc/methods.md
268 silly gunzTarPerm modified mode [ 'doc/methods.md', 436, 438 ]
269 silly gunzTarPerm extractEntry doc/asyncworker.md
270 silly gunzTarPerm modified mode [ 'doc/asyncworker.md', 436, 438 ]
271 silly gunzTarPerm extractEntry doc/node_misc.md
272 silly gunzTarPerm modified mode [ 'doc/node_misc.md', 436, 438 ]
273 silly gunzTarPerm extractEntry doc/object_wrappers.md
274 silly gunzTarPerm modified mode [ 'doc/object_wrappers.md', 436, 438 ]
275 silly gunzTarPerm extractEntry doc/persistent.md
276 silly gunzTarPerm modified mode [ 'doc/persistent.md', 436, 438 ]
277 silly gunzTarPerm extractEntry doc/scopes.md
278 silly gunzTarPerm modified mode [ 'doc/scopes.md', 436, 438 ]
279 silly gunzTarPerm extractEntry doc/script.md
280 silly gunzTarPerm modified mode [ 'doc/script.md', 436, 438 ]
281 silly gunzTarPerm extractEntry doc/string_bytes.md
282 silly gunzTarPerm modified mode [ 'doc/string_bytes.md', 436, 438 ]
283 silly gunzTarPerm extractEntry doc/v8_internals.md
284 silly gunzTarPerm modified mode [ 'doc/v8_internals.md', 436, 438 ]
285 silly gunzTarPerm extractEntry doc/v8_misc.md
286 silly gunzTarPerm modified mode [ 'doc/v8_misc.md', 436, 438 ]
287 silly gunzTarPerm extractEntry nan.h
288 silly gunzTarPerm modified mode [ 'nan.h', 436, 438 ]
289 silly gunzTarPerm extractEntry nan_callbacks.h
290 silly gunzTarPerm modified mode [ 'nan_callbacks.h', 436, 438 ]
291 silly gunzTarPerm extractEntry nan_callbacks_12_inl.h
292 silly gunzTarPerm modified mode [ 'nan_callbacks_12_inl.h', 436, 438 ]
293 silly gunzTarPerm extractEntry nan_callbacks_pre_12_inl.h
294 silly gunzTarPerm modified mode [ 'nan_callbacks_pre_12_inl.h', 436, 438 ]
295 silly gunzTarPerm extractEntry nan_converters_43_inl.h
296 silly gunzTarPerm modified mode [ 'nan_converters_43_inl.h', 436, 438 ]
297 silly gunzTarPerm extractEntry nan_converters_pre_43_inl.h
298 silly gunzTarPerm modified mode [ 'nan_converters_pre_43_inl.h', 436, 438 ]
299 silly gunzTarPerm extractEntry nan_implementation_12_inl.h
300 silly gunzTarPerm modified mode [ 'nan_implementation_12_inl.h', 436, 438 ]
301 silly gunzTarPerm extractEntry nan_implementation_pre_12_inl.h
302 silly gunzTarPerm modified mode [ 'nan_implementation_pre_12_inl.h', 436, 438 ]
303 silly gunzTarPerm extractEntry nan_maybe_43_inl.h
304 silly gunzTarPerm modified mode [ 'nan_maybe_43_inl.h', 436, 438 ]
305 silly gunzTarPerm extractEntry nan_maybe_pre_43_inl.h
306 silly gunzTarPerm modified mode [ 'nan_maybe_pre_43_inl.h', 436, 438 ]
307 silly gunzTarPerm extractEntry nan_new.h
308 silly gunzTarPerm modified mode [ 'nan_new.h', 436, 438 ]
309 silly gunzTarPerm extractEntry nan_object_wrap.h
310 silly gunzTarPerm modified mode [ 'nan_object_wrap.h', 436, 438 ]
311 silly gunzTarPerm extractEntry nan_persistent_12_inl.h
312 silly gunzTarPerm modified mode [ 'nan_persistent_12_inl.h', 436, 438 ]
313 silly gunzTarPerm extractEntry nan_persistent_pre_12_inl.h
314 silly gunzTarPerm modified mode [ 'nan_persistent_pre_12_inl.h', 436, 438 ]
315 silly gunzTarPerm extractEntry nan_string_bytes.h
316 silly gunzTarPerm modified mode [ 'nan_string_bytes.h', 436, 438 ]
317 silly gunzTarPerm extractEntry nan_typedarray_contents.h
318 silly gunzTarPerm modified mode [ 'nan_typedarray_contents.h', 436, 438 ]
319 silly gunzTarPerm extractEntry nan_weak.h
320 silly gunzTarPerm modified mode [ 'nan_weak.h', 436, 438 ]
321 silly gunzTarPerm extractEntry CHANGELOG.md
322 silly gunzTarPerm modified mode [ 'CHANGELOG.md', 436, 438 ]
323 silly gunzTarPerm extractEntry tools/package.json
324 silly gunzTarPerm modified mode [ 'tools/package.json', 436, 438 ]
325 silly gunzTarPerm extractEntry tools/README.md
326 silly gunzTarPerm modified mode [ 'tools/README.md', 436, 438 ]
327 silly gunzTarPerm extractEntry tools/1to2.js
328 silly gunzTarPerm modified mode [ 'tools/1to2.js', 509, 511 ]
329 silly gentlyRm E:\ALL MINDER\minder-api-v3\node_modules\.staging\bcrypt-3deba27d\node_modules is being purged
330 verbose gentlyRm don't care about contents; nuking E:\ALL MINDER\minder-api-v3\node_modules\.staging\bcrypt-3deba27d\node_modules
331 silly gentlyRm E:\ALL MINDER\minder-api-v3\node_modules\.staging\nan-10411d76\node_modules is being purged
332 verbose gentlyRm don't care about contents; nuking E:\ALL MINDER\minder-api-v3\node_modules\.staging\nan-10411d76\node_modules
333 silly doParallel preinstall 3
334 silly preinstall bindings@1.2.1 E:\ALL MINDER\minder-api-v3\node_modules\.staging\bindings-a4cc0932
335 info lifecycle bindings@1.2.1~preinstall: bindings@1.2.1
336 silly preinstall nan@2.2.1 E:\ALL MINDER\minder-api-v3\node_modules\.staging\nan-10411d76
337 info lifecycle nan@2.2.1~preinstall: nan@2.2.1
338 silly preinstall bcrypt@0.8.6 E:\ALL MINDER\minder-api-v3\node_modules\.staging\bcrypt-3deba27d
339 info lifecycle bcrypt@0.8.6~preinstall: bcrypt@0.8.6
340 silly lifecycle bindings@1.2.1~preinstall: no script for preinstall, continuing
341 silly lifecycle bcrypt@0.8.6~preinstall: no script for preinstall, continuing
342 silly lifecycle nan@2.2.1~preinstall: no script for preinstall, continuing
343 silly doReverseSerial remove 0
344 silly doSerial move 0
345 silly doSerial finalize 3
346 silly finalize E:\ALL MINDER\minder-api-v3\node_modules\bindings
347 silly finalize E:\ALL MINDER\minder-api-v3\node_modules\nan
348 silly finalize E:\ALL MINDER\minder-api-v3\node_modules\bcrypt
349 silly doSerial build 3
350 silly build bindings@1.2.1
351 info linkStuff bindings@1.2.1
352 silly linkStuff bindings@1.2.1 has E:\ALL MINDER\minder-api-v3\node_modules as its parent node_modules
353 verbose linkBins bindings@1.2.1
354 verbose linkMans bindings@1.2.1
355 silly build nan@2.2.1
356 info linkStuff nan@2.2.1
357 silly linkStuff nan@2.2.1 has E:\ALL MINDER\minder-api-v3\node_modules as its parent node_modules
358 verbose linkBins nan@2.2.1
359 verbose linkMans nan@2.2.1
360 silly build bcrypt@0.8.6
361 info linkStuff bcrypt@0.8.6
362 silly linkStuff bcrypt@0.8.6 has E:\ALL MINDER\minder-api-v3\node_modules as its parent node_modules
363 verbose linkBins bcrypt@0.8.6
364 verbose linkMans bcrypt@0.8.6
365 silly doSerial global-link 0
366 silly doParallel update-linked 0
367 silly doSerial install 3
368 silly install bindings@1.2.1 E:\ALL MINDER\minder-api-v3\node_modules\.staging\bindings-a4cc0932
369 info lifecycle bindings@1.2.1~install: bindings@1.2.1
370 silly lifecycle bindings@1.2.1~install: no script for install, continuing
371 silly install nan@2.2.1 E:\ALL MINDER\minder-api-v3\node_modules\.staging\nan-10411d76
372 info lifecycle nan@2.2.1~install: nan@2.2.1
373 silly lifecycle nan@2.2.1~install: no script for install, continuing
374 silly install bcrypt@0.8.6 E:\ALL MINDER\minder-api-v3\node_modules\.staging\bcrypt-3deba27d
375 info lifecycle bcrypt@0.8.6~install: bcrypt@0.8.6
376 verbose lifecycle bcrypt@0.8.6~install: unsafe-perm in lifecycle true
377 verbose lifecycle bcrypt@0.8.6~install: PATH: C:\Users\conno\AppData\Roaming\npm\node_modules\npm\bin\node-gyp-bin;E:\ALL MINDER\minder-api-v3\node_modules\bcrypt\node_modules\.bin;E:\ALL MINDER\minder-api-v3\node_modules\.bin;C:\Program Files\nodejs;C:\Users\conno\bin;C:\Program Files\Git\mingw64\bin;C:\Program Files\Git\usr\local\bin;C:\Program Files\Git\usr\bin;C:\Program Files\Git\usr\bin;C:\Program Files\Git\mingw64\bin;C:\Program Files\Git\usr\bin;C:\Users\conno\bin;C:\ProgramData\Oracle\Java\javapath;C:\WINDOWS\system32;C:\Program Files\nodejs;C:\Program Files\Git\cmd;C:\Program Files\Git\mingw64\bin;C:\Program Files\Git\usr\bin;C:\Users\conno\AppData\Local\Programs\Python\Python35-32\Scripts;C:\Users\conno\AppData\Local\Programs\Python\Python35-32;E:\MongoDB\bin;C:\Users\conno\AppData\Local\atom\bin;C:\Users\conno\AppData\Roaming\npm;C:\Program Files\Git\usr\bin\vendor_perl;C:\Program Files\Git\usr\bin\core_perl
378 verbose lifecycle bcrypt@0.8.6~install: CWD: E:\ALL MINDER\minder-api-v3\node_modules\bcrypt
379 silly lifecycle bcrypt@0.8.6~install: Args: [ '/d /s /c', 'node-gyp rebuild' ]
380 silly lifecycle bcrypt@0.8.6~install: Returned: code: 1  signal: null
381 info lifecycle bcrypt@0.8.6~install: Failed to exec install script
382 verbose unlock done using C:\Users\conno\AppData\Roaming\npm-cache\_locks\staging-8f094454b559ad00.lock for E:\ALL MINDER\minder-api-v3\node_modules\.staging
383 silly rollbackFailedOptional Starting
384 silly rollbackFailedOptional Finishing
385 silly runTopLevelLifecycles Starting
386 silly runTopLevelLifecycles Finishing
387 silly install printInstalled
388 verbose stack Error: bcrypt@0.8.6 install: `node-gyp rebuild`
388 verbose stack Exit status 1
388 verbose stack     at EventEmitter.<anonymous> (C:\Users\conno\AppData\Roaming\npm\node_modules\npm\lib\utils\lifecycle.js:245:16)
388 verbose stack     at emitTwo (events.js:106:13)
388 verbose stack     at EventEmitter.emit (events.js:191:7)
388 verbose stack     at ChildProcess.<anonymous> (C:\Users\conno\AppData\Roaming\npm\node_modules\npm\lib\utils\spawn.js:24:14)
388 verbose stack     at emitTwo (events.js:106:13)
388 verbose stack     at ChildProcess.emit (events.js:191:7)
388 verbose stack     at maybeClose (internal/child_process.js:850:16)
388 verbose stack     at Process.ChildProcess._handle.onexit (internal/child_process.js:215:5)
389 verbose pkgid bcrypt@0.8.6
390 verbose cwd E:\ALL MINDER\minder-api-v3
391 error Windows_NT 10.0.10586
392 error argv "C:\\Program Files\\nodejs\\node.exe" "C:\\Users\\conno\\AppData\\Roaming\\npm\\node_modules\\npm\\bin\\npm-cli.js" "install" "bcrypt" "--save"
393 error node v6.2.0
394 error npm  v3.9.0
395 error code ELIFECYCLE
396 error bcrypt@0.8.6 install: `node-gyp rebuild`
396 error Exit status 1
397 error Failed at the bcrypt@0.8.6 install script 'node-gyp rebuild'.
397 error Make sure you have the latest version of node.js and npm installed.
397 error If you do, this is most likely a problem with the bcrypt package,
397 error not with npm itself.
397 error Tell the author that this fails on your system:
397 error     node-gyp rebuild
397 error You can get information on how to open an issue for this project with:
397 error     npm bugs bcrypt
397 error Or if that isn't available, you can get their info via:
397 error     npm owner ls bcrypt
397 error There is likely additional logging output above.
398 verbose exit [ 1, true ]
